0x1000 {}
0x1001 {7892}
0x1002 {1772}
0x1003 {4081,4081}
0x1004 {7988}
0x1005 {2654,2654}
0x1006 {1247,1247}
0x1007 {2654,80,1}
0x1008 {7148}
0x1009 {1723,1723}
0x100a {3924,3924}
0x100b {917,917,12}
0x100c {3053,3053}
0x100d {8178,81,26}
0x100e {7988,49,13}
0x100f {242,242,1,1}
0x1010 {6128}
0x1011 {104,104}
0x1012 {1177,1177}
0x1013 {8178,114,17}
0x1014 {1072,1072}
0x1015 {7652,58,16}
0x1016 {7652,34,24}
0x1017 {1007,1007,19,19}
0x1018 {2031,2031}
0x1019 {6128,159,27}
0x101a {8178,84,35}
0x101b {806,806,22,22}
0x101c {7892,181,36}
0x101d {4081,4081,18,18}
0x101e {497,497,23,23}
0x101f {876,876,1,1,1}
0x1020 {7652}
0x1021 {749,749}
0x1022 {572,572}
0x1023 {7892,191,20}
0x1024 {1247,1247}
0x1025 {2374,56,14}
0x1026 {344,72,24}
0x1027 {806,806,16,16}
0x1028 {1010,1010}
0x1029 {8178,87,31}
0x102a {2542,2542,2}
0x102b {239,239,10,10}
0x102c {1130,71,23}
0x102d {4082,4082,14,14}
0x102e {1177,1177,16,16}
0x102f {6128,327,37,14,1}
0x1030 {4081,4081}
0x1031 {7148,116,16}
0x1032 {8178,212,25}
0x1033 {197,197,16,16}
0x1034 {1511,63,23}
0x1035 {407,407,12,12}
0x1036 {3924,3924,32,32}
0x1037 {8178,121,16,11,1}
0x1038 {7148,58,24}
0x1039 {3924,3924,16,16}
0x103a {731,731,21,21}
0x103b {7892,149,12,12,1}
0x103c {113,113,25,25}
0x103d {1892,127,38,9,1}
0x103e {7892,212,33,12,1}
0x103f {4081,4081,1,1,1,1}
0x1041 {1352,1352}
0x1042 {4079,4079}
0x1043 {1772,79,26}
0x1044 {1010,1010}
0x1045 {8178,26,14}
0x1046 {8178,182,10}
0x1047 {225,225,11,11}
0x1048 {4081,4081}
0x1049 {2542,2542,13}
0x104a {917,127,23}
0x104b {260,260,9,9}
0x104c {204,204,25}
0x104d {1511,1511,18,18}
0x104e {498,498,9,9}
0x104f {8178,52,26,7,1}
0x1050 {3924,3924}
0x1051 {344,72,34}
0x1052 {8178,198,17}
0x1053 {4079,4079,8,8}
0x1054 {7148,84,30}
0x1055 {4082,4082,18,18}
0x1056 {917,917,12,12}
0x1057 {8178,149,41,10,2}
0x1058 {1940,40,36}
0x1059 {197,197,9,9}
0x105a {498,498,18,18}
0x105b {7988,24,16,9,8}
0x105c {2027,2027,15,15}
0x105d {8178,119,16,10,6}
0x105e {8178,84,24,11,2}
0x105f {239,239,22,22,1,1}
0x1060 {71,71}
0x1061 {8178,127,6}
0x1062 {2654,89,29}
0x1063 {4082,4082,32,32}
0x1064 {8178,146,28}
0x1065 {545,545,14,14}
0x1066 {4082,4082,9,9}
0x1067 {1940,63,23,11,1}
0x1068 {2542,2542,13}
0x1069 {1010,1010,29,29}
0x106a {4081,4081,14,14}
0x106b {302,302,21,12,6}
0x106c {242,242,20,20}
0x106d {1765,47,37,2,2}
0x106e {6128,94,32,9,6}
0x106f {491,491,14,14,1,1}
0x1070 {8178,108,26}
0x1071 {111,111,20,20}
0x1072 {92,92,17,17}
0x1073 {7892,132,22,14,1}
0x1074 {4081,4081,10,10}
0x1075 {3053,25,20,10,6}
0x1076 {1765,49,15,15,7}
0x1077 {1072,1072,25,25,1,1}
0x1078 {182,182,14,14}
0x1079 {8178,156,22,9,1}
0x107a {7148,186,15,14,2}
0x107b {3053,3053,13,13,1,1}
0x107c {6128,160,14,13,1}
0x107d {498,498,7,7,1,1}
0x107e {2031,2031,23,23,1,1}
0x107f {1082,70,1,1,1,1,1}
0x1081 {2031,2031}
0x1082 {806,806}
0x1083 {7148,133,22}
0x1084 {701,701}
0x1085 {1568,106,42}
0x1086 {8178,210,27}
0x1087 {80,80,21,21}
0x1088 {3242,3242}
0x1089 {155,27,18}
0x108a {8178,100,11}
0x108b {4081,4081,12,12}
0x108c {7892,70,24}
0x108d {242,242,19,19}
0x108e {1007,1007,26,26}
0x108f {352,352,22,5,1}
0x1090 {67,67}
0x1091 {7652,36,32}
0x1092 {6128,130,32}
0x1093 {498,498,16,16}
0x1094 {8178,46,5}
0x1095 {113,113,22,22}
0x1096 {4082,4082,21,21}
0x1097 {8178,56,20,9,8}
0x1098 {2654,62,15}
0x1099 {4082,4082,22,22}
0x109a {4081,4081,15,15}
0x109b {638,85,20,8,5}
0x109c {497,497,21,21}
0x109d {8178,27,27,9,5}
0x109e {197,197,15,15,5}
0x109f {1351,1351,28,28,1,1}
0x10a1 {8178,139,22}
0x10a2 {7988,108,24}
0x10a3 {107,107,14,14}
0x10a4 {1772,58,35}
0x10a5 {572,572,21,21}
0x10a6 {4081,4081,19,19}
0x10a7 {2374,142,30,6,5}
0x10a8 {7892,35,13}
0x10a9 {4081,4081,21,21}
0x10aa {2654,2654,2,2}
0x10ab {7652,125,25,11,2}
0x10ac {4079,4079,18,18}
0x10ad {1940,99,25,8,6}
0x10ae {297,297,7,5,2}
0x10af {498,498,5,5,2,2}
0x10b0 {7148,207,29}
0x10b1 {302,302,12,12}
0x10b2 {239,239,7,7}
0x10b3 {8178,10,10,10,7}
0x10b4 {4082,4082,21,21}
0x10b5 {8178,80,43,12,5}
0x10b6 {425,21,21,13,3}
0x10b7 {33,33,11,11,11,11}
0x10b8 {917,917,11,11}
0x10b9 {1765,83,17,14,7}
0x10ba {7652,261,30,5,2}
0x10bb {3924,3924,7,7,3,3}
0x10bc {8178,72,10,10,5}
0x10bd {3543,3543,25,25,5,5}
0x10be {50,50,23,23,2,2}
0x10bf {6128,136,32,8,1,1,1}
0x10c1 {1892,157,36}
0x10c2 {204,204,25}
0x10c3 {1352,1352,13,13}
0x10c4 {8178,67,31}
0x10c5 {1003,1003,17,17}
0x10c6 {2654,2654,25,25}
0x10c7 {7652,42,25,6,1}
0x10c8 {3053,109,27}
0x10c9 {4082,4082,15,15}
0x10ca {4079,4079,7,7}
0x10cb {8178,193,9,9,6}
0x10cc {50,50,23,23}
0x10cd {302,302,6,6,6}
0x10ce {8178,222,25,12,7}
0x10cf {71,71,11,11,1,1}
0x10d1 {4081,4081,18,18}
0x10d2 {17,17,17,17}
0x10d3 {6128,109,24,11,6}
0x10d4 {1511,1511,20,20}
0x10d5 {204,204,25,8,8}
0x10d6 {2622,36,14,7,5}
0x10d7 {442,442,11,11,4,4}
0x10d8 {498,498,10,10}
0x10d9 {7892,27,12,7,7}
0x10da {6128,121,16,16,7}
0x10db {3543,3543,21,21,2,2}
0x10dc {7988,45,15,8,5}
0x10dd {497,497,26,26,2,2}
0x10de {3797,3797,8,8,5,5}
0x10df {8178,152,23,6,1,1,1}
0x10e1 {50,50,10,10}
0x10e2 {359,359,12,12}
0x10e3 {8178,175,19,11,1}
0x10e4 {442,442,8,8}
0x10e5 {6128,114,48,8,7}
0x10e6 {8178,18,18,10,8}
0x10e7 {1847,1847,20,20,1,1}
0x10e8 {4079,4079,13,13}
0x10e9 {7988,228,22,7,7}
0x10ea {7148,117,23,7,2}
0x10eb {1010,1010,32,32,6,6}
0x10ec {92,92,9,9,5}
0x10ed {1289,1289,7,7,2,2}
0x10ee {302,302,8,8,3,3}
0x10ef {8178,166,38,12,1,1,1}
0x10f0 {20,20,20,20}
0x10f1 {8178,41,30,10,1}
0x10f2 {7988,80,14,10,5}
0x10f3 {1257,1257,10,10,1,1}
0x10f4 {7652,59,8,8,8}
0x10f5 {47,47,7,7,4,4}
0x10f6 {1723,1723,24,24,6,6}
0x10f7 {113,113,12,12,1,1,1}
0x10f8 {8178,112,16,5,1}
0x10f9 {1007,1007,21,21,1,1}
0x10fa {260,260,5,5,2,2}
0x10fb {7148,192,30,14,1,1,1}
0x10fc {421,421,9,9,1,1}
0x10fd {8178,94,32,12,1,1,1}
0x10fe {254,254,11,9,1,1,1}
0x10ff {3924,3924,1,1,1,1,1,1}
0x1101 {302,302}
0x1102 {4081,4081}
0x1103 {452,452,17}
0x1104 {1352,1352}
0x1105 {7988,144,24}
0x1106 {6128,70,25}
0x1107 {3543,3543,8,8}
0x1108 {59,59}
0x1109 {7988,146,26}
0x110a {7148,135,42}
0x110b {498,498,19,19}
0x110c {8178,155,16}
0x110d {4081,4081,10,10}
0x110e {3924,3924,19,19}
0x110f {3053,117,29,12,1}
0x1111 {2622,150,4}
0x1112 {8178,119,27}
0x1113 {3053,3053,17,17}
0x1114 {6128,60,16}
0x1115 {4082,4082,16,16}
0x1116 {3543,3543,24,24}
0x1117 {2622,59,11,4,4}
0x1118 {7652,68,4}
0x1119 {279,279,4,4}
0x111a {89,89,19,19}
0x111b {8178,110,32,12,4}
0x111c {1257,1257,18,18}
0x111d {638,638,21,21,4}
0x111e {8178,41,30,4,4}
0x111f {4082,4082,28,28,1,1}
0x1121 {8178,74,35}
0x1122 {1892,1892,12}
0x1123 {26,26,26,26}
0x1124 {2374,116,3}
0x1125 {47,47,8,8}
0x1126 {442,442,11,11}
0x1127 {1765,49,15,4,4}
0x1128 {7988,190,17}
0x1129 {113,113,17,17}
0x112a {1847,1847,9,9}
0x112b {6128,210,24,10,8}
0x112c {2654,2654,15,15}
0x112d {8178,75,49,16,3}
0x112e {8178,7,7,7,7}
0x112f {4081,4081,13,13,4,4}
0x1131 {3557,3557,18,18}
0x1132 {3924,3924,25,25}
0x1133 {302,302,18,12,4}
0x1134 {111,111,20,20}
0x1135 {1568,225,16,4,4}
0x1136 {1082,63,23,10,3}
0x1137 {1010,1010,4,4,4,4}
0x1138 {4082,4082,19,19}
0x1139 {638,106,20,6,4}
0x113a {2374,105,34,12,4}
0x113b {1003,1003,7,7,4,4}
0x113c {8178,122,34,8,7}
0x113d {242,242,5,5,5,5}
0x113e {29,29,9,9,9,9}
0x113f {8178,76,38,10,1,1,1}
0x1141 {302,302,17}
0x1142 {7892,168,27}
0x1143 {111,111,20,20}
0x1144 {8178,299,24}
0x1145 {498,498,14,14}
0x1146 {4081,4081,17,17}
0x1147 {6128,202,20,4,4}
0x1149 {3053,3053,16,16}
0x114a {4082,4082,31,31}
0x114b {8178,228,24,8,6}
0x114c {71,71,12,12}
0x114d {8178,47,28,9,5}
0x114e {407,87,31,10,4}
0x114f {242,242,24,24,4,4}
0x1151 {260,260,25,25}
0x1152 {1007,1007,24,24}
0x1153 {7148,52,17,8,7}
0x1154 {4082,4082,22,22}
0x1155 {6128,42,26,14,2}
0x1156 {7148,41,32,12,2}
0x1157 {3797,3797,16,16,2,2}
0x1158 {3557,3557,16,16}
0x1159 {8178,247,38,7,4}
0x115a {514,514,25,6,2}
0x115b {1289,1289,12,12,5,5}
0x115c {1892,127,9,8,4}
0x115d {667,667,21,21,4,4}
0x115e {242,242,9,9,2,2}
0x115f {8178,136,27,5,2,2,1}
0x1161 {4079,4079,9,9}
0x1162 {15,15,8,8}
0x1163 {6128,118,38,10,4}
0x1164 {749,749,7,7}
0x1165 {7652,106,22,11,4}
0x1166 {8178,126,10,6,6}
0x1167 {4082,4082,27,27,4,4}
0x1168 {50,50,50,50}
0x1169 {92,92,17,8,4}
0x116a {6128,133,37,7,2}
0x116b {3893,3893,23,23,4,4}
0x116c {2622,104,42,13,3}
0x116d {80,80,21,21,2,2}
0x116e {491,491,6,6,6,6}
0x116f {638,77,20,11,7,4,1}
0x1171 {3053,105,28,6,6}
0x1172 {7988,15,11,6,4}
0x1173 {442,442,16,16,3,3}
0x1174 {7148,182,30,7,6}
0x1175 {1177,1177,11,11,4,4}
0x1176 {1010,1010,18,18,6,6}
0x1177 {8178,142,28,12,5,3,1}
0x1178 {1289,51,15,4,4}
0x1179 {4082,4082,14,14,4,4}
0x117a {3797,3797,16,16,2,2}
0x117b {8178,46,20,9,6,3,1}
0x117c {242,242,22,22,6,6}
0x117d {8178,118,24,5,5,5,1}
0x117e {514,514,22,11,2,2,1}
0x117f {407,407,27,27,1,1,1,1}
0x1181 {2374,30,26}
0x1182 {8178,14,10}
0x1183 {1010,1010,14,14}
0x1184 {6128,87,28}
0x1185 {3893,3893,16,16}
0x1186 {3242,3242,7,7}
0x1187 {2542,2542,34,9,1}
0x1189 {1352,1352,24,24}
0x118a {113,113,26,26}
0x118b {1765,147,9,7,7}
0x118c {104,104,28,28}
0x118d {3053,99,17,9,5}
0x118e {2622,146,15,15,7}
0x118f {1351,1351,13,13,1,1}
0x1191 {155,155,5,5}
0x1192 {4082,4082,12,12}
0x1193 {8178,154,17,5,5}
0x1194 {3893,3893,22,22}
0x1195 {8178,16,16,5,5}
0x1196 {6128,81,23,14,4}
0x1197 {498,498,5,5,5,5}
0x1198 {47,47,4,4}
0x1199 {7892,184,4,4,3}
0x119a {1130,44,6,6,4}
0x119b {3797,3797,27,27,4,4}
0x119c {876,876,15,15,4}
0x119d {3924,3924,6,6,4,4}
0x119e {4079,4079,20,20,4,4}
0x119f {1892,202,43,5,1,1,1}
0x11a1 {3924,3924,20,20}
0x11a2 {395,395,9,9}
0x11a3 {8178,164,28,8,4}
0x11a4 {3924,3924,8,8}
0x11a5 {2374,94,37,8,5}
0x11a6 {92,92,13,13,4}
0x11a7 {749,749,12,12,4,4}
0x11a9 {6128,10,10,10,6}
0x11aa {8178,159,34,7,2}
0x11ab {572,572,7,7,4,4}
0x11ac {8178,90,30,4,4}
0x11ad {407,407,9,9,2,2}
0x11ae {302,302,24,24,4,4}
0x11af {2622,97,34,4,4,4,1}
0x11b1 {2622,94,13,12,5}
0x11b2 {113,113,17,11,8}
0x11b3 {279,279,15,15,5,5}
0x11b4 {917,45,7,7,3}
0x11b5 {1010,1010,8,8,2,2}
0x11b6 {4081,4081,15,15,2,2}
0x11b7 {8178,37,30,5,5,2,1}
0x11b8 {8178,27,27,9,4}
0x11b9 {1257,1257,26,26,4,4}
0x11ba {442,442,5,5,4,4}
0x11bb {1772,135,10,10,4,2,1}
0x11bc {1007,1007,12,12,5,5}
0x11bd {7652,99,36,6,5,2,1}
0x11be {8178,74,21,7,7,5,1}
0x11bf {498,498,24,24,1,1,1,1}
0x11c1 {4081,4081,13,13}
0x11c2 {1010,1010,10,10}
0x11c3 {8178,226,36,11,1}
0x11c4 {827,827,11,11}
0x11c5 {1892,1892,32,9,4}
0x11c6 {8178,8,8,8,4}
0x11c7 {50,50,23,23,1,1}
0x11c9 {7652,42,20,5,5}
0x11ca {8178,45,11,6,6}
0x11cb {1007,1007,14,14,3,3}
0x11cc {3053,39,15,10,4}
0x11cd {498,498,6,6,5,5}
0x11ce {4081,4081,18,18,3,3}
0x11cf {204,204,25,11,1,1,1}
0x11d1 {8178,249,46,5,5}
0x11d2 {2374,187,17,10,8}
0x11d3 {50,50,5,5,3,3}
0x11d4 {8178,224,7,7,6}
0x11d5 {2031,2031,6,6,4,4}
0x11d6 {1352,1352,6,6,4,4}
0x11d7 {197,37,9,5,5,4,1}
0x11d9 {1289,1289,15,15,4,4}
0x11da {127,127,6,6,5,5}
0x11db {8178,66,20,12,4,2,1}
0x11dc {1352,1352,9,9,4,4}
0x11dd {8178,280,42,8,4,2,1}
0x11de {1940,114,9,6,6,3,1}
0x11df {3893,3893,21,21,1,1,1,1}
0x11e1 {6128,118,22,9,1}
0x11e2 {452,72,17,4,4}
0x11e3 {421,421,8,8,1,1}
0x11e4 {2542,2542,17,4,4}
0x11e5 {1352,1352,18,18,4,4}
0x11e6 {359,359,19,19,4,4}
0x11e7 {7988,296,12,4,1,1,1}
0x11e9 {4079,4079,19,19,5,5}
0x11ea {3924,3924,21,21,2,2}
0x11eb {7988,126,5,5,5,4,1}
0x11ec {4081,4081,4,4,4,4}
0x11ed {7988,158,33,9,5,2,1}
0x11ee {2374,196,23,12,6,3,1}
0x11ef {1010,1010,12,12,1,1,1,1}
0x11f1 {242,242,10,10,1,1}
0x11f2 {4081,4081,16,16,4,4}
0x11f3 {1511,43,20,9,1,1,1}
0x11f4 {2654,2654,18,18,4,4}
0x11f5 {7148,234,24,4,4,4,1}
0x11f6 {8178,46,20,14,6,4,1}
0x11f7 {2027,2027,17,17,1,1,1,1}
0x11f8 {119,119,22,22,1,1}
0x11f9 {7148,83,16,6,1,1,1}
0x11fa {6128,198,26,9,2,2,1}
0x11fb {17,17,7,7,1,1,1,1}
0x11fc {8178,80,24,7,1,1,1}
0x11fd {425,425,14,14,1,1,1,1}
0x11fe {498,498,21,21,1,1,1,1}
0x11ff {7892,79,1,1,1,1,1,1,1}
0x1201 {1177,1177}
0x1202 {1352,1352}
0x1203 {3053,9,9}
0x1204 {47,47}
0x1205 {8178,32,26}
0x1206 {204,204,25}
0x1207 {4082,4082,18,18}
0x1209 {8178,203,25}
0x120a {1892,82,29}
0x120b {667,667,20,20}
0x120c {302,302,37}
0x120d {2654,2654,6,6}
0x120e {1289,1289,26,26}
0x120f {8178,179,28,10,1}
0x1211 {6128,88,19}
0x1212 {8178,56,37}
0x1213 {242,242,20,20}
0x1214 {8178,180,19}
0x1215 {1351,1351,8,8}
0x1216 {71,71,11,11}
0x1217 {2622,83,20,10,5}
0x1219 {4082,4082,16,16}
0x121a {279,279,16,16}
0x121b {57,57,6,6,6}
0x121c {4082,4082,15,15}
0x121d {7892,36,15,8,6}
0x121e {8178,18,18,11,5}
0x121f {917,917,21,21,1,1}
0x1221 {302,302,20}
0x1222 {2374,48,24}
0x1223 {1289,1289,28,28}
0x1224 {1568,225,3}
0x1225 {242,242,21,21}
0x1226 {359,359,18,18}
0x1227 {6128,165,20,4,4}
0x1229 {359,359,7,7}
0x122a {3242,3242,14,14}
0x122b {8178,142,7,7,7}
0x122c {4081,4081,20,20}
0x122d {1130,98,18,6,3}
0x122e {6128,154,6,6,6}
0x122f {498,498,11,11,4,4}
0x1231 {50,50,11,11}
0x1232 {3053,3053,20,20}
0x1233 {2622,105,32,6,6}
0x1234 {4082,4082,27,27}
0x1235 {344,344,21,15,7}
0x1236 {8178,122,30,6,3}
0x1237 {3543,3543,16,16,4,4}
0x1239 {7652,184,9,6,6}
0x123a {2542,2542,22,11,7}
0x123b {1010,1010,16,16,4,4}
0x123c {113,113,35,4,4}
0x123d {4081,4081,8,8,4,4}
0x123e {3924,3924,12,12,4,4}
0x123f {8178,106,23,11,1,1,1}
0x1241 {8178,115,10}
0x1242 {3053,247,24}
0x1243 {498,498,6,6}
0x1245 {917,917,29,29}
0x1246 {242,242,12,12}
0x1247 {1765,25,25,10,4}
0x1249 {3924,3924,3,3}
0x124a {3557,3557,26,26}
0x124b {254,254,31,3,3}
0x124c {173,173,3,3}
0x124d {8178,166,3,3,3}
0x124e {8178,66,29,3,3}
0x124f {2031,2031,23,23,3,3}
0x1251 {4079,4079,14,14}
0x1252 {3924,3924,19,19}
0x1253 {7652,100,29,11,4}
0x1254 {4081,4081,31,31}
0x1255 {638,23,18,5,4}
0x1256 {7988,164,20,13,3}
0x1257 {89,89,22,22,3,3}
0x1259 {1892,1892,23,15,3}
0x125a {8178,52,17,5,3}
0x125b {4081,4081,23,23,3,3}
0x125c {1082,30,28,3,3}
0x125d {498,498,22,22,3,3}
0x125e {155,155,5,5,3,3}
0x125f {8178,124,16,6,3,3,1}
0x1261 {1010,1010,10,10}
0x1262 {1351,1351,26,26}
0x1263 {8178,28,28,13,4}
0x1264 {50,50,3,3}
0x1265 {8178,72,25,6,3}
0x1266 {1892,112,35,7,3}
0x1267 {1257,1257,17,17,4,4}
0x1269 {204,204,25,4,3}
0x126a {7988,151,14,7,7}
0x126b {4082,4082,4,4,4,4}
0x126c {7892,96,3,3,3}
0x126d {491,491,3,3,3,3}
0x126e {242,242,27,27,3,3}
0x126f {1772,139,28,4,3,3,1}
0x1271 {8178,150,32,9,4}
0x1272 {7148,194,34,8,8}
0x1273 {2591,2591,20,20,3,3}
0x1274 {638,36,20,3,3}
0x1275 {242,242,10,10,4,4}
0x1276 {4081,4081,18,18,3,3}
0x1277 {917,11,11,11,6,3,1}
0x1279 {3557,3557,18,18,4,4}
0x127a {1010,1010,8,8,3,3}
0x127b {2654,74,29,7,5,3,1}
0x127c {2031,2031,20,20,3,3}
0x127d {1511,99,37,9,3,3,1}
0x127e {7148,52,17,6,3,3,1}
0x127f {50,50,11,11,1,1,1,1}
0x1281 {3053,129,30}
0x1282 {7988,160,28}
0x1283 {2031,2031,10,10}
0x1285 {3924,3924,10,10}
0x1286 {3053,3053,28,28}
0x1287 {302,302,24,9,5}
0x1289 {4081,4081,24,24}
0x128a {4082,4082,12,12}
0x128b {8178,182,6,6,6}
0x128c {3543,3543,9,9}
0x128d {92,92,23,18,5}
0x128e {8178,24,24,7,6}
0x128f {1010,1010,6,6,5,5}
0x1291 {29,29,15,15}
0x1292 {235,235,11,11}
0x1293 {6128,136,27,8,4}
0x1294 {17,17,5,5}
0x1295 {7892,124,17,5,5}
0x1296 {8178,104,25,8,3}
0x1297 {3557,3557,12,12,3,3}
0x1299 {7988,77,30,9,3}
0x129a {638,638,15,15,5}
0x129b {806,806,28,28,5,5}
0x129c {8178,174,16,10,5}
0x129d {1007,1007,17,17,4,4}
0x129e {182,182,8,8,3,3}
0x129f {2542,2542,21,6,6,5,1}
0x12a1 {107,107,6,6}
0x12a2 {1010,1010,21,21}
0x12a3 {7148,107,23,6,4}
0x12a5 {56,56,13,13,12}
0x12a6 {7652,86,29,6,6}
0x12a7 {4082,4082,9,9,6,6}
0x12a9 {8178,60,11,7,3}
0x12aa {8178,132,2,2,2}
0x12ab {71,71,6,6,2,2}
0x12ac {6128,138,18,9,6}
0x12ad {4082,4082,13,13,4,4}
0x12ae {3543,3543,25,25,2,2}
0x12af {2622,126,21,5,2,2,2}
0x12b1 {8178,223,26,11,5}
0x12b2 {7652,49,24,8,5}
0x12b3 {3924,3924,16,16,3,3}
0x12b4 {1765,37,29,15,3}
0x12b5 {4081,4081,18,18,5,5}
0x12b6 {498,498,13,13,3,3}
0x12b7 {1940,82,22,9,7,3,2}
0x12b9 {2654,2654,14,14,3,3}
0x12ba {3893,3893,16,16,2,2}
0x12bb {8178,189,25,3,3,3,2}
0x12bc {302,302,21,21,3,3}
0x12bd {421,11,11,7,5,3,2}
0x12be {917,917,11,5,2,2,2}
0x12bf {167,167,15,15,2,2,1,1}
0x12c1 {3924,3924,30,30}
0x12c2 {197,197,9,9}
0x12c3 {8178,114,13,5,5}
0x12c5 {8178,168,4,4,4}
0x12c6 {2374,35,30,5,5}
0x12c7 {731,731,7,7,5,5}
0x12c9 {1772,130,23,7,3}
0x12ca {8178,45,7,5,5}
0x12cb {3242,3242,3,3,3,3}
0x12cc {8178,62,33,8,3}
0x12cd {4081,4081,12,12,3,3}
0x12ce {80,80,5,5,4,4}
0x12cf {8178,5,5,5,5,3,1}
0x12d1 {2374,75,34,12,5}
0x12d2 {6128,51,27,10,3}
0x12d3 {4081,4081,17,17,4,4}
0x12d5 {497,497,23,23,7,7}
0x12d6 {2031,2031,23,23,3,3}
0x12d7 {8178,134,30,4,4,3,2}
0x12d9 {359,359,20,20,3,3}
0x12da {50,50,50,50,3,3}
0x12db {1892,202,15,8,3,2,2}
0x12dc {113,113,17,17,3,3}
0x12dd {2542,2542,8,6,3,2,2}
0x12de {8178,130,28,8,3,3,2}
0x12df {498,498,6,6,3,3,1,1}
0x12e1 {2622,71,17,16,5}
0x12e2 {8178,72,7,7,7}
0x12e3 {302,302,10,10,3,3}
0x12e5 {15,15,3,3,3,3}
0x12e6 {4082,4082,32,32,4,4}
0x12e7 {8178,108,39,3,3,3,1}
0x12e9 {242,242,15,15,4,4}
0x12ea {239,239,5,5,2,2}
0x12eb {8178,139,27,3,3,3,2}
0x12ec {260,260,14,14,3,3}
0x12ed {1892,157,21,13,3,2,2}
0x12ee {7148,227,20,5,5,3,2}
0x12ef {4081,4081,24,24,3,3,1,1}
0x12f1 {3053,3053,17,17,4,4}
0x12f2 {498,498,14,14,3,3}
0x12f3 {421,25,9,3,3,3,1}
0x12f4 {123,123,8,8,3,3}
0x12f5 {8178,96,20,12,7,3,2}
0x12f6 {266,266,11,11,3,3,2}
0x12f7 {4082,4082,18,18,3,3,1,1}
0x12f9 {7988,202,13,13,7,3,1}
0x12fa {7892,90,43,5,2,2,2}
0x12fb {4079,4079,8,8,3,3,1,1}
0x12fc {2542,2542,27,10,3,3,1}
0x12fd {3924,3924,12,12,3,3,1,1}
0x12fe {3797,3797,21,21,2,2,1,1}
0x12ff {113,113,22,8,1,1,1,1,1}
0x1301 {8178,249,33}
0x1302 {8178,12,12}
0x1303 {113,113,17,17}
0x1305 {1351,1351,19,19}
0x1306 {50,50,11,11}
0x1307 {1511,87,17,8,1}
0x1309 {32,32,5,5}
0x130a {2027,2027,21,21}
0x130b {1568,276,27,13,5}
0x130c {72,72,9,9}
0x130d {7892,114,22,6,5}
0x130e {1772,159,7,7,6}
0x130f {421,421,9,9,1,1}
0x1311 {4081,4081,22,22}
0x1312 {1289,1289,11,11}
0x1313 {352,352,29,4,4}
0x1315 {6128,156,25,11,4}
0x1316 {8178,219,30,12,4}
0x1317 {3924,3924,4,4,4,4}
0x1319 {876,876,13,13,3}
0x131a {1082,101,6,6,6}
0x131b {1511,1511,13,13,4,4}
0x131c {6128,225,8,8,6}
0x131d {242,242,14,14,4,4}
0x131e {4081,4081,6,6,5,5}
0x131f {8178,96,12,9,1,1,1}
0x1321 {182,182,12,12}
0x1322 {4081,4081,30,30}
0x1323 {344,344,21,11,5}
0x1325 {8178,108,7,7,3}
0x1326 {7988,26,26,10,3}
0x1327 {4079,4079,16,16,4,4}
0x1329 {8178,57,29,6,3}
0x132a {6128,105,31,13,3}
0x132b {3924,3924,12,12,3,3}
0x132c {8178,77,30,13,3}
0x132d {197,197,7,7,3,3}
0x132e {3924,3924,10,10,6,6}
0x132f {452,57,23,5,5,3,1}
0x1331 {6128,132,21,12,3}
0x1332 {2542,2542,22,8,3}
0x1333 {4081,4081,17,17,3,3}
0x1335 {498,498,23,23,3,3}
0x1336 {47,47,9,9,3,3}
0x1337 {7148,76,13,4,4,4,1}
0x1339 {1003,1003,20,20,3,3}
0x133a {498,498,8,8,3,3}
0x133b {8178,58,22,6,4,3,1}
0x133c {3797,3797,25,25,6,6}
0x133d {8178,126,28,12,5,5,1}
0x133e {7148,107,8,8,6,3,1}
0x133f {1010,1010,7,7,1,1,1,1}
0x1341 {2591,2591,14,14}
0x1342 {1352,1352,16,16}
0x1343 {8178,191,19,10,5}
0x1345 {92,92,17,8,4}
0x1346 {3053,153,5,5,4}
0x1347 {4082,4082,13,13,4,4}
0x1349 {8178,67,22,4,3}
0x134a {1765,55,15,6,6}
0x134b {3797,3797,29,29,4,4}
0x134d {4082,4082,16,16,3,3}
0x134e {607,607,3,3,3,3}
0x134f {6128,52,34,4,4,3,1}
0x1351 {297,297,13,5,5}
0x1352 {407,35,23,13,5}
0x1353 {497,497,12,12,3,3}
0x1355 {3893,3893,16,16,3,3}
0x1356 {242,242,9,9,4,4}
0x1357 {7148,4,4,4,4,4,2}
0x1359 {806,806,18,18,3,3}
0x135a {3053,3053,20,20,4,4}
0x135b {8178,111,36,4,4,2,2}
0x135c {498,498,10,10,4,4}
0x135d {1940,106,23,11,5,2,2}
0x135e {8178,113,16,4,4,3,2}
0x135f {1723,1723,4,4,4,4,1,1}
0x1361 {8178,88,14,9,5}
0x1362 {6128,18,12,7,5}
0x1363 {1247,1247,12,12,4,4}
0x1365 {1010,1010,10,10,3,3}
0x1366 {421,421,9,9,3,3}
0x1367 {7988,162,30,8,7,4,1}
0x1369 {4081,4081,13,13,3,3}
0x136a {1352,1352,18,18,6,6}
0x136b {1772,180,23,4,4,2,2}
0x136c {11,11,3,3,3,3}
0x136d {7148,142,3,2,2,2,2}
0x136e {7988,90,21,7,3,2,2}
0x136f {72,72,8,8,3,3,1,1}
0x1371 {498,498,14,14,4,4}
0x1372 {4079,4079,12,12,6,6}
0x1373 {7988,93,20,9,8,3,1}
0x1375 {8178,92,18,12,5,2,2}
0x1376 {7892,39,11,11,3,2,2}
0x1377 {3053,3053,10,10,4,4,1,1}
0x1379 {917,157,46,4,4,4,1}
0x137a {8178,59,17,6,6,3,2}
0x137b {498,498,21,21,4,4,1,1}
0x137c {2374,196,7,7,3,3,1}
0x137d {279,279,29,29,3,3,1,1}
0x137e {173,173,7,7,3,3,1,1}
0x137f {2654,164,26,8,1,1,1,1,1}
0x1381 {302,302,10,10}
0x1382 {407,407,9,9}
0x1383 {7652,42,23,11,1}
0x1385 {71,7,7,7,4}
0x1386 {2654,167,6,6,5}
0x1387 {4081,4081,10,10,1,1}
0x1389 {8178,283,26,4,4}
0x138a {2622,87,23,6,6}
0x138b {1010,1010,17,17,3,3}
0x138d {4079,4079,34,34,4,4}
0x138e {498,498,14,14,3,3}
0x138f {2374,206,33,10,1,1,1}
0x1391 {7652,81,14,6,5}
0x1392 {7892,52,13,8,6}
0x1393 {99,99,9,9,3,3}
0x1395 {498,498,22,22,3,3}
0x1396 {4081,4081,22,22,5,5}
0x1397 {1892,1892,29,3,3,3,1}
0x1399 {3053,3053,6,6,3,3}
0x139a {242,242,18,18,3,3}
0x139b {1130,62,19,8,7,3,1}
0x139c {111,111,20,20,3,3}
0x139d {8178,130,20,15,4,3,1}
0x139e {6128,16,16,3,3,3,1}
0x139f {3924,3924,12,12,1,1,1,1}
0x13a1 {1289,97,9,8,6}
0x13a2 {638,56,14,11,4}
0x13a3 {22,22,7,7,3,3}
0x13a5 {3893,3893,4,4,4,4}
0x13a6 {1010,1010,3,3,3,3}
0x13a7 {8178,46,16,3,3,3,1}
0x13a9 {1072,1072,12,12,3,3}
0x13aa {4081,4081,20,20,2,2}
0x13ab {8178,148,20,6,6,3,2}
0x13ad {7988,110,36,8,4,2,2}
0x13ae {8178,116,23,3,3,3,2}
0x13af {71,71,5,5,4,4,1,1}
0x13b1 {1847,1847,7,7,4,4}
0x13b2 {4082,4082,5,5,5,5}
0x13b3 {1940,15,15,15,4,3,1}
0x13b5 {8178,35,19,7,4,2,2}
0x13b6 {302,302,12,8,3,2,2}
0x13b7 {242,242,22,22,5,5,1,1}
0x13b9 {8178,80,20,6,4,3,1}
0x13ba {359,43,19,3,3,3,2}
0x13bb {701,701,19,19,3,3,1,1}
0x13bc {8178,46,31,10,5,3,1}
0x13bd {1010,1010,10,10,5,5,1,1}
0x13be {1351,1351,21,21,3,3,1,1}
0x13bf {7148,90,29,6,1,1,1,1,1}
0x13c1 {8178,44,28,14,1}
0x13c2 {7892,210,30,10,6}
0x13c3 {3053,3053,28,28,1,1}
0x13c5 {1352,1352,11,11,4,4}
0x13c6 {1003,1003,16,16,4,4}
0x13c7 {7892,244,36,4,1,1,1}
0x13c9 {3543,3543,28,28,4,4}
0x13ca {302,302,13,13,4,4}
0x13cb {421,33,5,3,3,3,1}
0x13cd {6128,85,6,6,5,4,1}
0x13ce {7652,99,29,3,3,3,1}
0x13cf {4082,4082,20,20,1,1,1,1}
0x13d1 {71,71,5,5,5,5}
0x13d2 {545,545,17,17,3,3}
0x13d3 {7148,38,37,3,3,3,1}
0x13d5 {452,452,24,10,5,4,2}
0x13d6 {1772,94,30,7,6,3,2}
0x13d7 {2031,2031,4,4,4,4,1,1}
0x13d9 {7988,118,32,7,5,5,1}
0x13da {2654,77,15,8,5,3,2}
0x13db {3924,3924,24,24,5,5,1,1}
0x13dd {197,197,5,5,5,5,1,1}
0x13de {498,498,16,16,3,3,1,1}
0x13df {6128,184,22,6,1,1,1,1,1}
0x13e1 {4081,4081,21,21,1,1}
0x13e2 {4082,4082,17,17,4,4}
0x13e3 {8178,203,28,9,1,1,1}
0x13e5 {8178,226,22,12,5,3,1}
0x13e6 {1568,106,22,6,6,3,1}
0x13e7 {92,92,9,9,1,1,1,1}
0x13e9 {6128,150,26,7,4,3,1}
0x13ea {7148,52,14,5,2,2,2}
0x13eb {1247,1247,17,17,4,4,1,1}
0x13ed {3924,3924,22,22,3,3,1,1}
0x13ee {749,749,10,10,3,3,1,1}
0x13ef {8178,10,10,10,1,1,1,1,1}
0x13f1 {7148,104,21,12,1,1,1}
0x13f2 {6128,76,17,6,6,4,1}
0x13f3 {806,806,16,16,1,1,1,1}
0x13f5 {491,491,19,19,4,4,1,1}
0x13f6 {4082,4082,23,23,3,3,1,1}
0x13f7 {8178,165,13,8,1,1,1,1,1}
0x13f9 {4082,4082,10,10,1,1,1,1}
0x13fa {3543,3543,25,25,2,2,1,1}
0x13fb {917,57,28,9,1,1,1,1,1}
0x13fc {80,80,21,21,1,1,1,1}
0x13fd {64,64,5,5,1,1,1,1,1}
0x13fe {7652,85,37,9,1,1,1,1,1}
0x13ff {4081,4081,1,1,1,1,1,1,1,1}
0x1401 {3242,3242}
0x1402 {31,31}
0x1403 {8178,76,18}
0x1405 {7652,116,27}
0x1406 {7892,179,19}
0x1407 {3053,3053,8,8}
0x1409 {6128,136,14}
0x140a {302,302,2}
0x140b {78,78,23,23}
0x140d {1723,1723,9,9}
0x140e {497,497,23,23}
0x140f {8178,302,24,10,1}
0x1411 {8178,135,18}
0x1412 {1892,57,26}
0x1413 {4079,4079,31,31}
0x1415 {92,92,13,13}
0x1416 {3893,3893,6,6}
0x1417 {876,876,15,15,2}
0x1419 {1289,1289,11,11}
0x141a {498,498,13,13}
0x141b {1511,135,18,7,6}
0x141d {8178,96,12,7,6}
0x141e {8178,92,31,7,2}
0x141f {3924,3924,19,19,1,1}
0x1421 {2622,127,10}
0x1422 {8178,38,35}
0x1423 {2654,2654,12,12}
0x1425 {4081,4081,8,8}
0x1426 {113,113,19,19}
0x1427 {7652,88,36,13,8}
0x1429 {442,442,24,24}
0x142a {3053,3053,2,2}
0x142b {2542,2542,32,10,2}
0x142d {1772,121,35,9,6}
0x142e {302,302,13,8,2}
0x142f {2031,2031,9,9,2,2}
0x1431 {239,239,11,11}
0x1432 {572,572,14,14}
0x1433 {8178,136,15,8,7}
0x1435 {7988,152,26,7,6}
0x1436 {6128,69,8,8,6}
0x1437 {242,242,21,21,6,6}
0x1439 {1765,45,15,15,6}
0x143a {8178,102,36,10,2}
0x143b {3557,3557,26,26,6,6}
0x143d {3924,3924,6,6,6,6}
0x143e {1003,1003,9,9,2,2}
0x143f {254,254,30,10,1,1,1}
0x1441 {1940,108,24}
0x1443 {4081,4081,22,22}
0x1445 {442,442,12,12}
0x1446 {2591,2591,19,19}
0x1447 {7892,165,32,4,4}
0x1449 {2031,2031,15,15}
0x144a {242,242,15,15}
0x144b {204,204,25,8,8}
0x144d {7652,156,10,10,8}
0x144e {2654,44,10,10,4}
0x144f {1289,1289,15,15,4,4}
0x1451 {498,498,5,5}
0x1452 {1177,1177,4,4}
0x1453 {1892,127,20,4,4}
0x1455 {8178,94,24,10,2}
0x1456 {8178,44,15,4,2}
0x1457 {1247,1247,12,12,2,2}
0x1459 {218,42,27,7,4}
0x145a {3053,91,23,4,2}
0x145b {806,806,12,12,4,4}
0x145d {3053,3053,10,10,4,4}
0x145e {242,242,15,15,2,2}
0x145f {8178,214,15,10,2,2,1}
0x1461 {3797,3797,5,5}
0x1462 {80,80,21,21}
0x1463 {1765,123,17,7,7}
0x1465 {113,113,22,6,6}
0x1466 {8178,160,29,13,4}
0x1467 {50,50,23,23,4,4}
0x1469 {2542,2542,18,11,6}
0x146a {8178,121,9,9,2}
0x146b {107,107,10,10,4,4}
0x146d {1352,1352,8,8,2,2}
0x146e {3893,3893,24,24,4,4}
0x146f {8178,138,34,10,7,4,1}
0x1471 {8178,131,36,15,6}
0x1472 {7148,27,27,4,4}
0x1473 {4082,4082,16,16,4,4}
0x1475 {3543,3543,23,23,4,4}
0x1476 {242,242,12,12,4,4}
0x1477 {6128,228,32,5,5,4,1}
0x1479 {1010,1010,15,15,4,4}
0x147a {2031,2031,9,9,2,2}
0x147b {1568,106,5,5,5,4,1}
0x147d {8178,128,16,11,6,4,1}
0x147e {1772,46,15,9,2,2,1}
0x147f {225,225,11,11,1,1,1,1}
0x1481 {638,44,26}
0x1483 {50,50,7,7}
0x1485 {1511,1511,19,19}
0x1486 {302,302,19,19}
0x1487 {8178,116,21,8,5}
0x1489 {260,260,26,26}
0x148a {407,407,31,31}
0x148b {1772,31,31,5,5}
0x148d {8178,102,11,6,5}
0x148e {2542,2542,17,9,7}
0x148f {3893,3893,8,8,5,5}
0x1491 {1257,1257,22,22}
0x1492 {50,50,50,50}
0x1493 {1568,225,15,6,4}
0x1495 {8178,108,21,15,9}
0x1496 {876,876,14,14,3}
0x1497 {1010,1010,9,9,3,3}
0x1499 {917,57,29,6,3}
0x149a {8178,79,17,9,7}
0x149b {407,407,5,5,5,5}
0x149d {498,498,24,24,4,4}
0x149e {3053,3053,34,34,3,3}
0x149f {8178,92,16,8,8,6,1}
0x14a1 {1010,1010,20,20}
0x14a3 {514,514,21,13,5}
0x14a5 {8178,18,18,4,4}
0x14a6 {1511,99,29,6,6}
0x14a7 {1723,1723,9,9,4,4}
0x14a9 {7652,125,17,4,3}
0x14aa {8178,248,2,2,2}
0x14ab {572,572,18,18,2,2}
0x14ad {4081,4081,17,17,6,6}
0x14ae {442,442,21,21,2,2}
0x14af {197,197,7,5,2,2,2}
0x14b1 {2374,119,12,4,4}
0x14b2 {2622,184,19,10,8}
0x14b3 {749,749,17,17,3,3}
0x14b5 {498,498,11,11,4,4}
0x14b6 {2031,2031,9,9,3,3}
0x14b7 {2654,120,19,7,7,3,2}
0x14b9 {1351,1351,7,7,3,3}
0x14ba {2654,2654,15,15,2,2}
0x14bb {8178,91,21,3,3,3,2}
0x14bd {1940,97,27,4,4,3,2}
0x14be {8178,154,30,8,2,2,2}
0x14bf {242,242,16,16,2,2,1,1}
0x14c1 {1003,1003,11,11}
0x14c3 {6128,87,8,8,5}
0x14c5 {7148,131,4,4,4}
0x14c6 {917,57,13,9,6}
0x14c7 {498,498,9,9,4,4}
0x14c9 {8178,64,31,5,3}
0x14ca {1289,55,15,15,3}
0x14cb {4081,4081,19,19,3,3}
0x14cd {47,47,11,11,3,3}
0x14ce {3543,3543,38,38,3,3}
0x14cf {8178,30,27,9,3,3,1}
0x14d1 {1940,127,15,8,6}
0x14d3 {1072,1072,26,26,3,3}
0x14d5 {3797,3797,16,16,3,3}
0x14d6 {1010,1010,19,19,6,6}
0x14d7 {8178,169,21,4,4,4,2}
0x14d9 {4082,4082,26,26,3,3}
0x14da {4081,4081,19,19,4,4}
0x14db {8178,207,5,5,5,2,2}
0x14dd {2374,47,39,14,5,2,2}
0x14de {8178,113,13,10,5,3,2}
0x14df {1007,1007,12,12,5,5,1,1}
0x14e1 {8178,11,11,11,8}
0x14e3 {2031,2031,26,26,4,4}
0x14e5 {4082,4082,26,26,3,3}
0x14e6 {3797,3797,18,18,3,3}
0x14e7 {3053,121,29,4,4,3,1}
0x14e9 {29,29,4,4,3,3}
0x14ea {3924,3924,7,7,2,2}
0x14eb {8178,56,16,10,4,3,2}
0x14ed {2542,2542,28,9,4,2,2}
0x14ee {6128,84,20,3,3,3,2}
0x14ef {3924,3924,9,9,5,5,1,1}
0x14f1 {806,806,12,12,4,4}
0x14f2 {107,107,4,4,4,4}
0x14f3 {302,302,16,4,4,3,1}
0x14f5 {266,266,5,5,4,4,2}
0x14f6 {7892,112,10,4,4,3,2}
0x14f7 {4081,4081,19,19,4,4,1,1}
0x14f9 {8178,58,29,13,3,3,1}
0x14fa {8178,98,29,8,2,2,2}
0x14fb {1010,1010,8,8,5,5,1,1}
0x14fd {111,111,20,20,4,4,1,1}
0x14fe {498,498,7,7,2,2,1,1}
0x14ff {92,92,23,15,1,1,1,1,1}
0x1501 {8178,120,41}
0x1503 {2591,2591,9,9}
0x1505 {1352,1352,18,18}
0x1506 {4081,4081,16,16}
0x1507 {8178,160,24,13,2}
0x1509 {3893,3893,10,10}
0x150a {23,23,2,2}
0x150b {7652,24,23,9,2}
0x150d {6128,40,40,12,6}
0x150e {8178,90,44,11,2}
0x150f {498,498,22,22,2,2}
0x1511 {1010,1010,16,16}
0x1513 {7988,118,6,6,6}
0x1515 {876,876,12,12,2}
0x1516 {1940,187,15,4,2}
0x1517 {3797,3797,25,25,2,2}
0x1519 {8178,102,22,12,3}
0x151a {8178,164,27,6,2}
0x151b {1352,1352,21,21,5,5}
0x151d {607,607,22,22,5,5}
0x151e {498,498,23,23,2,2}
0x151f {425,69,23,9,2,2,1}
0x1521 {3543,3543,8,8}
0x1523 {2542,2542,27,8,4}
0x1525 {2622,160,39,12,7}
0x1526 {8178,110,18,11,7}
0x1527 {1010,1010,6,6,6,6}
0x1529 {6128,147,38,4,3}
0x152a {7892,140,2,2,2}
0x152b {1289,1289,15,15,2,2}
0x152d {4082,4082,16,16,6,6}
0x152e {1511,1511,23,23,2,2}
0x152f {2374,168,18,8,2,2,2}
0x1531 {7652,26,18,4,3}
0x1533 {572,572,15,15,3,3}
0x1535 {749,749,17,17,3,3}
0x1536 {498,498,15,15,4,4}
0x1537 {8178,33,16,14,5,4,2}
0x1539 {3242,3242,11,11,3,3}
0x153a {4081,4081,9,9,2,2}
0x153b {1772,48,26,12,6,3,2}
0x153d {8178,110,33,8,5,4,2}
0x153e {8178,104,19,6,2,2,2}
0x153f {1003,1003,14,14,2,2,1,1}
0x1541 {806,806,18,18}
0x1543 {1130,71,18,6,2}
0x1545 {638,85,26,8,2}
0x1546 {7148,51,28,8,2}
0x1547 {1351,1351,29,29,2,2}
0x1549 {2374,52,25,10,3}
0x154b {497,497,18,18,2,2}
0x154d {3557,3557,17,17,3,3}
0x154e {4082,4082,11,11,2,2}
0x154f {7988,128,9,9,2,2,2}
0x1551 {1568,276,45,10,2}
0x1553 {3557,3557,26,26,2,2}
0x1555 {806,806,2,2,2,2}
0x1556 {1351,1351,2,2,2,2}
0x1557 {6128,156,2,2,2,2,2}
0x1559 {491,491,3,3,3,3}
0x155a {3924,3924,2,2,2,2}
0x155b {302,302,44,11,2,2,2}
0x155d {7652,31,31,5,2,2,2}
0x155e {29,29,2,2,2,2,2}
0x155f {242,242,2,2,2,2,2,2}
0x1561 {407,407,27,9,3}
0x1563 {4082,4082,17,17,4,4}
0x1565 {4079,4079,8,8,3,3}
0x1566 {1010,1010,13,13,3,3}
0x1567 {204,204,25,14,3,3,2}
0x1569 {4082,4082,12,12,3,3}
0x156a {43,43,2,2,2,2}
0x156b {8178,62,18,7,2,2,2}
0x156d {8178,22,22,2,2,2,2}
0x156e {7652,83,33,9,2,2,2}
0x156f {917,917,20,20,2,2,2,2}
0x1571 {4081,4081,31,31,7,7}
0x1573 {6128,102,17,3,3,3,2}
0x1575 {8178,40,40,7,2,2,2}
0x1576 {7652,90,40,5,2,2,2}
0x1577 {113,113,19,19,2,2,2,2}
0x1579 {8178,52,26,10,3,3,2}
0x157a {6128,97,2,2,2,2,2}
0x157b {2031,2031,14,14,2,2,2,2}
0x157d {197,197,9,9,2,2,2,2}
0x157e {1257,1257,2,2,2,2,2,2}
0x157f {2622,62,2,2,2,2,1,1,1}
0x1581 {425,425,11,11}
0x1583 {7148,319,26,8,7}
0x1585 {7892,134,20,10,4}
0x1586 {1892,1892,12,8,7}
0x1587 {442,442,22,22,5,5}
0x1589 {2374,65,33,7,4}
0x158b {1351,1351,9,9,3,3}
0x158d {442,442,18,18,2,2}
0x158e {421,421,13,13,4,4}
0x158f {1892,132,29,5,5,5,1}
0x1591 {8178,75,17,7,5}
0x1593 {80,80,21,21,3,3}
0x1595 {227,227,10,10,3,3}
0x1596 {4082,4082,16,16,5,5}
0x1597 {8178,107,6,3,3,3,2}
0x1599 {1072,1072,3,3,3,3}
0x159a {191,191,10,10,3,3}
0x159b {8178,121,5,5,5,2,2}
0x159d {425,75,35,12,4,2,2}
0x159e {7988,65,16,10,7,4,2}
0x159f {3557,3557,12,12,3,3,1,1}
0x15a1 {8178,273,6,5,5}
0x15a3 {4081,4081,21,21,6,6}
0x15a5 {2654,2654,15,15,4,4}
0x15a6 {667,667,11,11,5,5}
0x15a7 {452,452,24,10,7,4,2}
0x15a9 {1247,1247,28,28,3,3}
0x15ab {6128,144,26,10,2,2,2}
0x15ad {7148,66,20,2,2,2,2}
0x15ae {204,204,25,12,2,2,2}
0x15af {4082,4082,14,14,2,2,2,2}
0x15b1 {3924,3924,15,15,2,2}
0x15b3 {7148,170,21,10,6,2,2}
0x15b5 {7988,159,41,2,2,2,2}
0x15b6 {8178,224,36,2,2,2,2}
0x15b7 {71,71,6,6,2,2,2,2}
0x15b9 {6128,180,8,6,6,2,2}
0x15ba {302,302,19,8,2,2,2}
0x15bb {806,806,22,22,2,2,2,2}
0x15bd {4081,4081,7,7,2,2,2,2}
0x15be {302,302,19,19,2,2,2,2}
0x15bf {8178,155,27,7,2,2,1,1,1}
0x15c1 {2654,98,31,15,6}
0x15c3 {17,17,17,17,3,3}
0x15c5 {3557,3557,17,17,3,3}
0x15c6 {4082,4082,23,23,4,4}
0x15c7 {344,72,17,10,5,3,1}
0x15c9 {497,497,17,17,3,3}
0x15cb {8178,3,3,3,3,3,2}
0x15cd {8178,34,34,5,5,2,2}
0x15ce {6128,141,18,10,7,3,2}
0x15cf {4079,4079,26,26,3,3,1,1}
0x15d1 {239,239,14,14,5,5}
0x15d3 {7988,143,25,5,4,3,2}
0x15d5 {6128,139,24,6,2,2,2}
0x15d6 {8178,74,19,14,2,2,2}
0x15d7 {4082,4082,18,18,2,2,2,2}
0x15d9 {8178,153,24,5,4,2,2}
0x15db {917,917,12,12,2,2,2,2}
0x15dd {50,50,5,5,2,2,2,2}
0x15de {111,111,20,20,2,2,2,2}
0x15df {1765,109,30,10,2,2,1,1,1}
0x15e1 {4082,4082,15,15,5,5}
0x15e3 {3053,73,33,9,5,3,1}
0x15e5 {452,452,17,3,3,3,2}
0x15e6 {7148,150,14,5,5,4,2}
0x15e7 {165,165,14,14,3,3,1,1}
0x15e9 {7892,110,24,13,6,4,2}
0x15eb {8,8,8,8,2,2,2,2}
0x15ed {1007,1007,18,18,2,2,2,2}
0x15ee {806,806,15,15,2,2,2,2}
0x15ef {7988,157,40,9,2,2,1,1,1}
0x15f1 {197,37,24,5,5,4,1}
0x15f3 {2027,2027,21,21,3,3,1,1}
0x15f5 {3924,3924,21,21,2,2,2,2}
0x15f6 {197,197,11,11,2,2,2,2}
0x15f7 {7892,88,30,13,2,2,1,1,1}
0x15f9 {4081,4081,34,34,3,3,1,1}
0x15fa {7,7,2,2,2,2,2,2}
0x15fb {2622,12,12,12,2,2,1,1,1}
0x15fd {1765,61,15,7,2,2,1,1,1}
0x15fe {8178,16,2,2,2,2,1,1,1}
0x15ff {1010,1010,2,2,1,1,1,1,1,1}
0x1601 {6128,192,30}
0x1603 {1352,1352,16,16}
0x1605 {57,57,4,4}
0x1606 {89,89,10,10}
0x1607 {8178,204,26,13,1}
0x1609 {498,498,26,26}
0x160b {7652,334,22,3,3}
0x160d {7892,308,12,2,2}
0x160e {1765,7,7,7,4}
0x160f {155,155,12,12,1,1}
0x1611 {1351,1351,25,25}
0x1613 {29,29,7,7,4}
0x1615 {8178,56,17,14,4}
0x1616 {8178,99,35,5,4}
0x1617 {3924,3924,16,16,3,3}
0x1619 {7652,326,21,19,3}
0x161b {4081,4081,10,10,2,2}
0x161d {1010,1010,26,26,2,2}
0x161e {239,239,14,14,6,6}
0x161f {8178,192,8,8,1,1,1}
0x1621 {4082,4082,20,20}
0x1623 {7892,65,11,11,4}
0x1625 {6128,97,4,4,4}
0x1626 {8178,47,20,6,4}
0x1627 {3557,3557,16,16,4,4}
0x1629 {7148,132,4,4,4}
0x162b {302,302,17,17,3,3}
0x162d {1847,1847,4,4,2,2}
0x162e {78,78,4,4,4,4}
0x162f {1130,89,17,15,4,3,1}
0x1631 {7988,187,18,4,4}
0x1633 {4079,4079,17,17,4,4}
0x1635 {3924,3924,14,14,2,2}
0x1636 {4081,4081,15,15,2,2}
0x1637 {254,254,20,7,5,2,1}
0x1639 {359,359,11,11,4,4}
0x163b {2542,2542,19,10,4,2,1}
0x163d {7148,111,25,9,4,2,1}
0x163e {1892,172,25,12,4,4,1}
0x163f {498,498,14,14,1,1,1,1}
0x1641 {4081,4081,16,16}
0x1643 {7892,128,10,9,5}
0x1645 {8178,86,18,10,4}
0x1647 {17,17,5,5,4,4}
0x1649 {6128,90,24,5,3}
0x164b {15,15,3,3,3,3}
0x164d {92,92,17,17,3,3}
0x164e {3053,3053,24,24,4,4}
0x164f {302,302,16,12,7,3,1}
0x1651 {8178,177,6,6,6}
0x1653 {3924,3924,19,19,3,3}
0x1655 {2591,2591,21,21,3,3}
0x1656 {3242,3242,20,20,5,5}
0x1657 {8178,237,19,3,3,3,2}
0x1659 {4082,4082,21,21,3,3}
0x165b {1940,160,10,3,3,2,2}
0x165d {421,25,13,3,3,2,2}
0x165e {8178,31,21,8,5,3,2}
0x165f {4081,4081,18,18,3,3,1,1}
0x1661 {302,302,18,12,3}
0x1663 {3053,3053,15,15,4,4}
0x1665 {806,806,15,15,3,3}
0x1666 {167,167,6,6,3,3}
0x1667 {2374,119,14,9,3,3,1}
0x1669 {155,155,16,16,3,3}
0x166b {8178,94,41,6,5,2,2}
0x166d {3053,163,29,2,2,2,2}
0x166e {1568,225,10,5,5,2,2}
0x166f {572,572,11,11,5,5,1,1}
0x1671 {2654,2654,15,15,4,4}
0x1673 {8178,158,37,3,3,3,1}
0x1675 {8178,51,4,4,4,2,2}
0x1676 {1772,42,23,14,4,2,2}
0x1677 {4079,4079,6,6,3,3,1,1}
0x1679 {2542,2542,26,9,3,3,1}
0x167b {498,498,9,9,3,3,1,1}
0x167d {3797,3797,27,27,4,4,1,1}
0x167e {3924,3924,21,21,4,4,1,1}
0x167f {1940,132,17,12,1,1,1,1,1}
0x1681 {242,242,15,15}
0x1683 {638,106,26,9,7}
0x1685 {7148,135,14,5,4}
0x1687 {1847,1847,9,9,5,5}
0x1689 {7892,54,7,5,4}
0x168b {1352,1352,15,15,4,4}
0x168d {425,425,22,22,2,2}
0x168e {4082,4082,16,16,4,4}
0x168f {7148,133,30,5,5,4,1}
0x1691 {3053,225,6,6,6}
0x1693 {3797,3797,8,8,4,4}
0x1695 {572,572,12,12,4,4}
0x1696 {35,35,6,6,3,3}
0x1697 {8178,119,28,9,5,3,2}
0x1699 {3543,3543,21,21,3,3}
0x169b {8178,167,47,6,5,2,2}
0x169d {8178,112,4,4,4,2,2}
0x169e {452,452,23,10,4,3,2}
0x169f {2654,2654,13,13,4,4,1,1}
0x16a1 {2654,131,11,5,5}
0x16a3 {498,498,5,5,5,5}
0x16a5 {2027,2027,29,29,4,4}
0x16a7 {6128,138,28,9,6,4,2}
0x16a9 {80,80,5,5,3,3}
0x16ab {7148,129,26,8,2,2,2}
0x16ad {8178,94,28,2,2,2,2}
0x16ae {3053,199,11,6,2,2,2}
0x16af {4081,4081,18,18,2,2,2,2}
0x16b1 {421,421,13,13,2,2}
0x16b3 {8178,28,28,14,4,2,2}
0x16b5 {92,12,9,2,2,2,2}
0x16b6 {7988,38,21,2,2,2,2}
0x16b7 {3924,3924,13,13,2,2,2,2}
0x16b9 {2622,100,38,11,6,2,2}
0x16bb {239,239,19,19,2,2,2,2}
0x16bd {50,50,23,23,2,2,2,2}
0x16be {3557,3557,22,22,2,2,2,2}
0x16bf {352,352,28,20,2,2,1,1,1}
0x16c1 {1765,69,31,2,2}
0x16c3 {267,267,12,12,2,2}
0x16c5 {497,497,4,4,2,2}
0x16c7 {8178,98,29,7,6,2,1}
0x16c9 {3893,3893,13,13,3,3}
0x16cb {6128,46,35,3,3,2,2}
0x16cd {7892,56,28,2,2,2,2}
0x16ce {2374,219,33,11,4,2,2}
0x16cf {3924,3924,12,12,4,4,1,1}
0x16d1 {242,242,19,19,2,2}
0x16d3 {8178,98,9,9,4,2,2}
0x16d5 {8178,56,35,2,2,2,2}
0x16d7 {113,113,22,22,2,2,2,2}
0x16d9 {1772,90,23,2,2,2,2}
0x16db {3924,3924,2,2,2,2,2,2}
0x16dd {4079,4079,2,2,2,2,2,2}
0x16de {173,173,5,5,2,2,2,2}
0x16df {7652,56,11,11,3,2,1,1,1}
0x16e1 {1511,1511,20,20,2,2}
0x16e3 {7652,100,27,10,4,2,1}
0x16e5 {7988,52,33,3,3,2,2}
0x16e7 {1352,1352,6,6,3,3,1,1}
0x16e9 {7892,230,24,18,4,2,2}
0x16eb {4081,4081,20,20,2,2,2,2}
0x16ed {50,50,2,2,2,2,2,2}
0x16ee {4079,4079,26,26,2,2,2,2}
0x16ef {359,55,11,5,5,2,1,1,1}
0x16f1 {8178,153,6,6,6,2,1}
0x16f3 {1010,1010,7,7,3,3,1,1}
0x16f5 {165,165,20,20,2,2,2,2}
0x16f6 {8,8,8,8,2,2,2,2}
0x16f7 {7148,31,26,10,9,2,1,1,1}
0x16f9 {242,242,5,5,5,5,1,1}
0x16fb {638,11,11,11,7,2,1,1,1}
0x16fd {1892,1892,26,6,3,2,1,1,1}
0x16fe {8178,80,29,11,2,2,1,1,1}
0x16ff {1351,1351,24,24,1,1,1,1,1,1}
0x1701 {4079,4079,11,11}
0x1703 {8178,105,37,3,1}
0x1705 {6128,162,35,3,3}
0x1707 {498,498,15,15,1,1}
0x1709 {8178,178,32,9,5}
0x170b {113,113,3,3,3,3}
0x170d {72,72,18,18,2,2}
0x170e {107,107,6,6,5,5}
0x170f {7988,28,17,8,1,1,1}
0x1711 {876,876,12,12,6}
0x1713 {104,104,15,15,3,3}
0x1715 {4081,4081,21,21,3,3}
0x1717 {917,157,24,3,3,3,1}
0x1719 {1010,1010,11,11,5,5}
0x171b {7988,142,18,10,4,2,1}
0x171d {1082,80,10,7,4,2,1}
0x171e {1940,90,5,5,5,5,1}
0x171f {2031,2031,15,15,1,1,1,1}
0x1721 {6128,55,29,11,9}
0x1723 {4079,4079,13,13,3,3}
0x1725 {3242,3242,3,3,3,3}
0x1727 {8178,98,24,3,3,3,1}
0x1729 {165,165,13,13,3,3}
0x172b {421,3,3,3,3,3,2}
0x172d {8178,108,15,3,3,2,2}
0x172e {8178,126,4,3,3,3,2}
0x172f {1010,1010,3,3,3,3,1,1}
0x1731 {442,442,12,12,8,8}
0x1733 {1892,1892,15,3,3,3,1}
0x1735 {8178,293,22,8,6,2,2}
0x1737 {3893,3893,22,22,3,3,1,1}
0x1739 {7988,225,25,3,3,3,1}
0x173b {242,242,3,3,3,3,1,1}
0x173d {155,155,5,5,3,3,1,1}
0x173e {4082,4082,10,10,6,6,1,1}
0x173f {204,204,25,7,1,1,1,1,1}
0x1741 {7652,190,31,8,7}
0x1743 {239,239,11,11,5,5}
0x1745 {4079,4079,4,4,4,4}
0x1747 {8178,233,34,7,7,7,1}
0x1749 {498,498,21,21,4,4}
0x174b {8178,61,26,3,3,3,2}
0x174d {1772,138,27,6,4,2,2}
0x174f {1257,1257,17,17,4,4,1,1}
0x1751 {917,917,24,24,5,5}
0x1753 {2654,120,15,8,4,3,2}
0x1755 {8178,118,47,11,2,2,2}
0x1757 {29,29,11,11,2,2,2,2}
0x1759 {8178,158,29,6,4,2,2}
0x175b {667,667,19,19,2,2,2,2}
0x175d {4082,4082,16,16,2,2,2,2}
0x175e {4081,4081,12,12,2,2,2,2}
0x175f {1289,69,35,6,2,2,1,1,1}
0x1761 {3924,3924,10,10,2,2}
0x1763 {7148,47,26,12,4,2,1}
0x1765 {421,47,9,3,3,2,2}
0x1767 {191,191,22,22,3,3,1,1}
0x1769 {3053,93,17,8,4,2,2}
0x176b {572,572,14,14,2,2,2,2}
0x176d {4081,4081,2,2,2,2,2,2}
0x176e {92,92,9,9,2,2,2,2}
0x176f {8178,78,19,8,6,2,1,1,1}
0x1771 {2542,2542,7,7,7,2,1}
0x1773 {197,197,3,3,3,3,1,1}
0x1775 {80,80,21,21,2,2,2,2}
0x1777 {7652,54,34,3,3,2,1,1,1}
0x1779 {239,239,7,7,3,3,1,1}
0x177b {6128,105,31,3,3,2,1,1,1}
0x177d {8178,60,10,10,6,2,1,1,1}
0x177e {8178,34,22,13,2,2,1,1,1}
0x177f {302,302,18,18,1,1,1,1,1,1}
0x1781 {7988,281,25,9,1}
0x1783 {4081,4081,7,7,1,1}
0x1785 {242,242,16,16,3,3}
0x1787 {1772,126,26,16,1,1,1}
0x1789 {47,47,4,4,4,4}
0x178b {8178,66,30,3,3,3,1}
0x178d {204,204,25,8,7,2,1}
0x178f {4082,4082,16,16,1,1,1,1}
0x1791 {4082,4082,20,20,5,5}
0x1793 {2622,197,20,3,3,3,1}
0x1795 {1511,103,13,3,3,3,2}
0x1797 {235,235,3,3,3,3,1,1}
0x1799 {1130,116,18,13,3,3,1}
0x179b {2654,2654,23,23,3,3,1,1}
0x179d {701,701,24,24,3,3,1,1}
0x179e {52,52,52,52,4,4,1,1}
0x179f {8178,192,24,9,1,1,1,1,1}
0x17a1 {3557,3557,26,26,5,5}
0x17a3 {1892,132,5,5,5,5,1}
0x17a5 {8178,56,34,7,4,3,2}
0x17a7 {572,572,18,18,4,4,1,1}
0x17a9 {7148,170,30,7,6,4,2}
0x17ab {111,111,20,20,2,2,2,2}
0x17ad {1010,1010,10,10,2,2,2,2}
0x17af {8178,88,20,4,2,2,1,1,1}
0x17b1 {6128,51,23,4,4,2,1}
0x17b3 {498,498,5,5,3,3,1,1}
0x17b5 {2031,2031,25,25,2,2,2,2}
0x17b7 {302,302,24,11,5,2,1,1,1}
0x17b9 {4082,4082,17,17,3,3,1,1}
0x17bb {7652,42,35,3,3,2,1,1,1}
0x17bd {2654,227,20,4,4,2,1,1,1}
0x17be {2374,111,24,11,2,2,1,1,1}
0x17bf {749,749,17,17,1,1,1,1,1,1}
0x17c1 {1289,1289,27,27,1,1}
0x17c3 {7148,52,22,5,1,1,1}
0x17c5 {7988,20,20,16,4,3,1}
0x17c7 {4081,4081,20,20,1,1,1,1}
0x17c9 {917,5,5,5,5,3,1}
0x17cb {72,72,3,3,3,3,1,1}
0x17cd {4079,4079,22,22,5,5,1,1}
0x17cf {6128,88,24,10,1,1,1,1,1}
0x17d1 {514,514,21,14,6,4,1}
0x17d3 {1511,1511,17,17,4,4,1,1}
0x17d5 {113,113,7,7,2,2,2,2}
0x17d7 {8178,144,19,4,2,2,1,1,1}
0x17d9 {4081,4081,21,21,5,5,1,1}
0x17db {218,42,27,7,6,2,1,1,1}
0x17dd {6128,121,21,7,7,2,1,1,1}
0x17df {242,242,8,8,1,1,1,1,1,1}
0x17e1 {7892,135,13,10,1,1,1}
0x17e3 {3924,3924,12,12,1,1,1,1}
0x17e5 {3053,3053,21,21,3,3,1,1}
0x17e7 {8178,158,13,6,1,1,1,1,1}
0x17e9 {806,806,18,18,4,4,1,1}
0x17eb {425,109,11,11,2,2,1,1,1}
0x17ed {7652,50,17,11,3,2,1,1,1}
0x17ef {407,407,13,13,1,1,1,1,1,1}
0x17f1 {395,395,18,18,1,1,1,1}
0x17f3 {8178,100,18,6,1,1,1,1,1}
0x17f5 {127,127,20,14,2,2,1,1,1}
0x17f7 {1010,1010,12,12,1,1,1,1,1,1}
0x17f9 {1772,280,10,10,1,1,1,1,1}
0x17fb {3893,3893,16,16,1,1,1,1,1,1}
0x17fd {50,50,50,50,1,1,1,1,1,1}
0x17fe {11,11,2,2,1,1,1,1,1,1}
0x17ff {8178,59,1,1,1,1,1,1,1,1,1}
0x1801 {11,11}
0x1803 {8178,226,1}
0x1805 {1568,276,26}
0x1807 {113,113,1,1}
0x1809 {2542,2542,19}
0x180b {165,165,11,11}
0x180d {32,32,2,2}
0x180f {638,638,1,1,1}
0x1811 {7988,77,17}
0x1813 {1010,1010,11,11}
0x1815 {3557,3557,11,11}
0x1817 {8178,12,12,12,1}
0x1819 {15,15,3,3}
0x181b {452,22,22,2,1}
0x181d {6128,115,25,2,1}
0x181f {111,111,1,1,1,1}
0x1821 {7148,107,40}
0x1823 {71,71,12,12}
0x1825 {1010,1010,25,25}
0x1827 {8178,314,35,10,1}
0x1829 {3797,3797,11,11}
0x182b {3053,45,26,10,6}
0x182d {2622,247,28,2,2}
0x182f {182,182,29,29,1,1}
0x1831 {806,806,4,4}
0x1833 {8178,117,18,14,1}
0x1835 {7148,245,6,2,2}
0x1837 {917,917,11,11,1,1}
0x1839 {6128,43,28,10,1}
0x183b {498,498,24,24,1,1}
0x183d {1247,1247,11,11,1,1}
0x183f {8178,130,1,1,1,1,1}
0x1843 {4082,4082,14,14}
0x1845 {2031,2031,14,14}
0x1847 {6128,130,26,14,1}
0x1849 {2654,2654,22,22}
0x184b {352,352,14,9,5}
0x184d {7652,132,27,13,5}
0x184f {4081,4081,14,14,1,1}
0x1851 {3893,3893,5,5}
0x1853 {7148,67,18,7,6}
0x1855 {3053,97,13,9,3}
0x1857 {3242,3242,13,13,5,5}
0x1859 {7892,241,13,13,3}
0x185b {1007,1007,22,22,2,2}
0x185d {4082,4082,8,8,2,2}
0x185f {8178,150,21,10,1,1,1}
0x1861 {5,5,5,5}
0x1863 {6128,180,20,18,1}
0x1865 {7892,105,20,10,3}
0x1867 {43,43,5,5,1,1}
0x1869 {8178,58,39,9,3}
0x186b {806,806,9,9,2,2}
0x186d {29,29,2,2,2,2}
0x186f {7988,190,29,11,1,1,1}
0x1871 {1892,112,18,7,1}
0x1873 {3893,3893,22,22,1,1}
0x1875 {72,72,8,8,2,2}
0x1877 {8178,50,50,7,1,1,1}
0x1879 {111,111,5,5,1,1}
0x187b {2374,49,35,11,1,1,1}
0x187d {7148,68,26,10,1,1,1}
0x187f {17,17,1,1,1,1,1,1}
0x1883 {197,197,9,9}
0x1885 {3242,3242,22,22}
0x1887 {8178,104,36,11,1}
0x1889 {2031,2031,18,18}
0x188b {7988,96,25,7,7}
0x188d {1892,1892,27,10,7}
0x188f {3924,3924,21,21,1,1}
0x1891 {80,80,21,21}
0x1893 {1765,107,29,7,4}
0x1895 {7892,128,31,5,5}
0x1897 {359,359,17,17,4,4}
0x1899 {7148,72,15,8,3}
0x189b {1352,1352,6,6,4,4}
0x189d {4081,4081,18,18,4,4}
0x189f {6128,219,22,8,1,1,1}
0x18a3 {8178,228,32,6,6}
0x18a5 {1082,36,16,4,4}
0x18a7 {1010,1010,6,6,4,4}
0x18a9 {113,113,17,4,3}
0x18ab {2027,2027,18,18,5,5}
0x18ad {498,498,8,8,2,2}
0x18af {8178,90,16,6,6,4,1}
0x18b1 {8178,31,23,4,4}
0x18b3 {242,242,7,7,4,4}
0x18b5 {1007,1007,13,13,2,2}
0x18b7 {302,302,19,8,5,2,1}
0x18b9 {4082,4082,11,11,5,5}
0x18bb {6128,217,11,11,7,2,1}
0x18bd {8178,244,29,4,4,2,1}
0x18bf {3557,3557,7,7,1,1,1,1}
0x18c3 {2654,85,27,15,1}
0x18c5 {1289,69,15,4,4}
0x18c7 {4081,4081,4,4,1,1}
0x18c9 {2654,68,21,4,3}
0x18cb {2654,2654,24,24,4,4}
0x18cd {1003,1003,11,11,2,2}
0x18cf {452,452,23,9,1,1,1}
0x18d3 {1247,1247,20,20,6,6}
0x18d5 {4082,4082,14,14,2,2}
0x18d7 {1511,159,23,4,4,2,1}
0x18d9 {3053,3053,11,11,2,2}
0x18db {8178,195,49,2,2,2,1}
0x18dd {2374,100,7,2,2,2,1}
0x18df {498,498,10,10,1,1,1,1}
0x18e3 {3924,3924,4,4,1,1}
0x18e5 {4081,4081,19,19,7,7}
0x18e7 {7148,33,33,6,1,1,1}
0x18e9 {242,242,20,20,4,4}
0x18eb {204,204,25,6,6,2,1}
0x18ed {8178,77,12,2,2,2,1}
0x18ef {1511,1511,19,19,1,1,1,1}
0x18f1 {127,127,4,4,1,1}
0x18f3 {266,266,12,12,1,1,1}
0x18f5 {8178,66,31,4,4,2,1}
0x18f7 {572,572,4,4,1,1,1,1}
0x18f9 {8178,228,33,8,1,1,1}
0x18fb {4081,4081,19,19,1,1,1,1}
0x18fd {497,497,30,30,1,1,1,1}
0x18ff {8178,128,1,1,1,1,1,1,1}
0x1903 {3924,3924,14,14}
0x1905 {749,749,12,12}
0x1907 {8178,160,19,13,1}
0x1909 {52,52,52,52}
0x190b {1940,64,30,9,6}
0x190d {197,197,15,15,5}
0x190f {4079,4079,22,22,1,1}
0x1913 {8178,172,6,6,6}
0x1915 {1082,56,14,8,6}
0x1917 {2654,2654,15,15,5,5}
0x1919 {6128,250,18,17,3}
0x191b {701,701,8,8,4,4}
0x191d {50,50,23,23,4,4}
0x191f {7892,88,23,14,1,1,1}
0x1923 {1765,105,13,7,4}
0x1925 {8178,146,10,10,3}
0x1927 {3797,3797,20,20,5,5}
0x1929 {8178,128,33,4,3}
0x192b {242,242,10,10,3,3}
0x192d {4079,4079,12,12,3,3}
0x192f {3053,45,28,10,6,3,1}
0x1933 {731,731,14,14,3,3}
0x1935 {4082,4082,9,9,3,3}
0x1937 {7148,131,29,10,6,4,1}
0x1939 {1177,1177,24,24,3,3}
0x193b {7892,114,14,5,5,3,1}
0x193d {1940,79,13,8,5,4,1}
0x193f {242,242,13,13,1,1,1,1}
0x1943 {92,92,9,9,5}
0x1945 {1130,74,24,7,7}
0x1947 {4082,4082,21,21,4,4}
0x194b {3543,3543,25,25,3,3}
0x194d {80,80,21,21,3,3}
0x194f {8178,169,39,5,3,3,1}
0x1953 {3924,3924,16,16,3,3}
0x1955 {1723,1723,3,3,3,3}
0x1957 {7988,230,37,5,3,3,2}
0x1959 {260,260,3,3,3,3}
0x195b {8178,84,11,5,5,2,2}
0x195d {8178,36,6,6,6,2,2}
0x195f {3053,3053,5,5,3,3,1,1}
0x1963 {4081,4081,6,6,6,6}
0x1965 {498,498,25,25,3,3}
0x1967 {1892,172,25,12,3,3,1}
0x1969 {191,191,10,10,3,3}
0x196b {8178,182,19,12,4,2,2}
0x196d {8178,96,14,2,2,2,2}
0x196f {498,498,6,6,5,5,1,1}
0x1973 {8178,132,15,3,3,3,1}
0x1975 {6128,7,7,7,7,2,2}
0x1977 {2031,2031,17,17,3,3,1,1}
0x1979 {204,204,25,8,3,3,1}
0x197b {239,239,23,23,3,3,1,1}
0x197d {1257,1257,12,12,4,4,1,1}
0x197f {7148,173,12,8,1,1,1,1,1}
0x1983 {8178,180,26,13,1}
0x1985 {2542,2542,20,10,3}
0x1987 {71,71,5,5,1,1}
0x198b {242,242,11,11,6,6}
0x198d {3893,3893,11,11,2,2}
0x198f {514,514,25,12,1,1,1}
0x1993 {4081,4081,10,10,3,3}
0x1995 {302,302,3,3,3,3}
0x1997 {8178,112,14,12,3,3,1}
0x1999 {3,3,3,3,3,3}
0x199b {1772,126,15,15,3,2,1}
0x199d {7988,186,17,6,3,2,1}
0x199f {29,29,3,3,1,1,1,1}
0x19a3 {1010,1010,24,24,4,4}
0x19a5 {4079,4079,20,20,3,3}
0x19a7 {2622,190,27,10,3,3,1}
0x19ab {7148,94,34,9,3,2,2}
0x19ad {1511,123,23,2,2,2,2}
0x19af {1177,1177,9,9,3,3,1,1}
0x19b3 {7652,150,25,5,3,2,1}
0x19b5 {2374,182,24,2,2,2,2}
0x19b7 {3924,3924,16,16,2,2,1,1}
0x19b9 {7652,262,24,11,3,2,1}
0x19bb {607,607,11,11,2,2,1,1}
0x19bd {498,498,9,9,2,2,1,1}
0x19bf {6128,208,19,14,1,1,1,1,1}
0x19c3 {4079,4079,5,5,1,1}
0x19c5 {78,78,20,20,4,4}
0x19c7 {302,302,18,8,1,1,1}
0x19cb {8178,44,12,3,3,3,1}
0x19cd {8178,48,48,10,3,2,1}
0x19cf {80,80,8,8,1,1,1,1}
0x19d3 {3053,97,30,3,3,3,1}
0x19d5 {8178,100,7,7,3,2,2}
0x19d7 {545,545,19,19,5,5,1,1}
0x19db {92,92,11,11,2,2,1,1}
0x19dd {407,407,11,11,2,2,1,1}
0x19df {7148,160,13,13,1,1,1,1,1}
0x19e3 {8178,318,10,10,1,1,1}
0x19e5 {344,72,13,9,3,3,1}
0x19e7 {113,113,5,5,1,1,1,1}
0x19eb {425,425,14,14,5,5,1,1}
0x19ed {3924,3924,8,8,2,2,1,1}
0x19ef {1082,104,8,8,1,1,1,1,1}
0x19f3 {50,50,9,9,1,1,1,1}
0x19f5 {4081,4081,15,15,3,3,1,1}
0x19f7 {638,36,14,10,1,1,1,1,1}
0x19f9 {17,17,3,3,1,1,1,1}
0x19fb {8178,66,29,5,1,1,1,1,1}
0x19fd {8178,194,25,10,1,1,1,1,1}
0x19ff {107,107,1,1,1,1,1,1,1,1}
0x1a03 {2027,2027,19,19}
0x1a05 {50,50,50,50}
0x1a07 {1892,127,32,14,1}
0x1a0b {876,876,8,8,4}
0x1a0d {8178,68,32,2,2}
0x1a0f {442,442,15,15,1,1}
0x1a13 {8178,101,27,10,5}
0x1a15 {6128,69,25,10,6}
0x1a17 {4081,4081,22,22,6,6}
0x1a1b {1010,1010,23,23,2,2}
0x1a1d {3543,3543,30,30,2,2}
0x1a1f {7988,160,27,8,1,1,1}
0x1a23 {359,15,12,7,4}
0x1a25 {2374,75,33,5,5}
0x1a27 {1072,1072,6,6,4,4}
0x1a2b {4081,4081,18,18,4,4}
0x1a2d {1010,1010,15,15,2,2}
0x1a2f {8178,81,21,5,4,4,1}
0x1a33 {1352,1352,10,10,4,4}
0x1a35 {3797,3797,13,13,2,2}
0x1a37 {7652,140,12,12,4,2,1}
0x1a3b {8178,49,34,8,4,2,1}
0x1a3d {8178,80,5,5,5,2,1}
0x1a3f {2591,2591,11,11,1,1,1,1}
0x1a43 {8178,161,10,5,5}
0x1a47 {2031,2031,27,27,5,5}
0x1a4b {3924,3924,8,8,4,4}
0x1a4d {421,421,9,9,3,3}
0x1a4f {6128,171,12,12,6,3,1}
0x1a53 {113,113,17,17,3,3}
0x1a55 {4082,4082,26,26,3,3}
0x1a57 {7148,123,28,10,7,4,2}
0x1a5b {2542,2542,16,13,4,2,2}
0x1a5d {917,127,11,11,5,2,2}
0x1a5f {50,50,50,50,4,4,1,1}
0x1a63 {3242,3242,19,19,6,6}
0x1a65 {107,107,10,10,3,3}
0x1a67 {7892,185,23,6,3,3,1}
0x1a6b {6128,36,20,4,4,2,2}
0x1a6d {8178,200,25,2,2,2,2}
0x1a6f {4081,4081,12,12,4,4,1,1}
0x1a73 {8178,86,36,3,3,3,1}
0x1a75 {7988,165,30,7,4,2,2}
0x1a77 {497,497,19,19,3,3,1,1}
0x1a7b {407,407,7,7,3,3,1,1}
0x1a7d {4082,4082,19,19,5,5,1,1}
0x1a7f {7148,181,33,10,1,1,1,1,1}
0x1a83 {2622,15,15,8,8}
0x1a87 {498,498,14,14,5,5}
0x1a8b {359,359,5,5,4,4}
0x1a8d {806,806,25,25,2,2}
0x1a8f {8178,131,30,7,6,5,1}
0x1a93 {4082,4082,5,5,3,3}
0x1a95 {111,111,20,20,3,3}
0x1a97 {1772,111,23,5,5,4,2}
0x1a9b {8178,107,38,12,5,2,2}
0x1a9d {302,302,24,5,5,2,2}
0x1a9f {4081,4081,17,17,3,3,1,1}
0x1aa3 {1257,1257,7,7,4,4}
0x1aa7 {8178,156,13,12,3,3,2}
0x1aab {7652,128,30,14,2,2,2}
0x1aad {7148,138,17,2,2,2,2}
0x1aaf {302,302,18,18,2,2,2,2}
0x1ab3 {1772,88,21,5,3,2,2}
0x1ab5 {2654,80,29,2,2,2,2}
0x1ab7 {4079,4079,6,6,2,2,2,2}
0x1abb {113,113,10,10,2,2,2,2}
0x1abd {3053,3053,18,18,2,2,2,2}
0x1abf {8178,324,31,6,2,2,1,1,1}
0x1ac3 {1010,1010,20,20,2,2}
0x1ac7 {514,514,22,9,8,2,1}
0x1acb {7988,158,10,10,4,2,2}
0x1acd {6128,138,25,2,2,2,2}
0x1acf {827,827,21,21,3,3,1,1}
0x1ad3 {7892,134,8,8,7,2,2}
0x1ad7 {1352,1352,4,4,2,2,2,2}
0x1adb {3557,3557,2,2,2,2,2,2}
0x1add {3924,3924,2,2,2,2,2,2}
0x1adf {917,917,12,9,7,2,1,1,1}
0x1ae3 {302,302,14,10,4,2,1}
0x1ae7 {3053,3053,20,20,4,4,1,1}
0x1aeb {4082,4082,18,18,2,2,2,2}
0x1aed {2031,2031,2,2,2,2,2,2}
0x1aef {1765,83,30,7,7,2,1,1,1}
0x1af3 {1351,1351,25,25,4,4,1,1}
0x1af5 {71,71,6,6,2,2,2,2}
0x1af7 {8178,116,28,4,4,2,1,1,1}
0x1afb {6128,30,30,5,5,2,1,1,1}
0x1afd {917,25,21,5,5,2,1,1,1}
0x1aff {3924,3924,19,19,1,1,1,1,1,1}
0x1b03 {6128,79,7,2,1}
0x1b07 {3797,3797,11,11,1,1}
0x1b0b {4082,4082,17,17,2,2}
0x1b0d {23,23,2,2,2,2}
0x1b0f {8178,30,23,7,1,1,1}
0x1b13 {239,239,12,12,4,4}
0x1b17 {8178,234,29,8,5,2,1}
0x1b1b {7988,76,32,2,2,2,1}
0x1b1d {8178,72,24,2,2,2,1}
0x1b1f {2654,2654,15,15,1,1,1,1}
0x1b23 {4082,4082,29,29,4,4}
0x1b27 {29,29,11,6,6,6,1}
0x1b2b {7892,130,8,8,6,2,2}
0x1b2d {8178,100,32,2,2,2,2}
0x1b2f {1247,1247,16,16,5,5,1,1}
0x1b33 {2374,27,27,5,3,2,1}
0x1b37 {1352,1352,34,34,2,2,1,1}
0x1b3b {917,917,16,16,2,2,1,1}
0x1b3d {498,498,21,21,2,2,1,1}
0x1b3f {7988,102,32,7,1,1,1,1,1}
0x1b43 {4081,4081,26,26,2,2}
0x1b47 {204,204,25,6,6,2,1}
0x1b4b {1892,57,10,8,4,2,2}
0x1b4f {498,498,7,7,5,5,1,1}
0x1b53 {297,297,11,5,4,2,2}
0x1b57 {491,491,23,23,2,2,2,2}
0x1b5b {1352,1352,2,2,2,2,2,2}
0x1b5d {4081,4081,2,2,2,2,2,2}
0x1b5f {7652,160,12,6,6,2,1,1,1}
0x1b63 {2622,110,4,2,2,2,1}
0x1b67 {302,302,8,8,2,2,1,1}
0x1b6b {3543,3543,2,2,2,2,2,2}
0x1b6d {2,2,2,2,2,2,2,2}
0x1b6f {6128,39,17,2,2,2,1,1,1}
0x1b73 {497,497,9,9,2,2,1,1}
0x1b77 {8178,181,16,2,2,2,1,1,1}
0x1b7b {2374,75,27,2,2,2,1,1,1}
0x1b7d {1772,130,15,2,2,2,1,1,1}
0x1b7f {4081,4081,10,10,1,1,1,1,1,1}
0x1b83 {498,498,10,10,1,1}
0x1b87 {8178,62,41,11,1,1,1}
0x1b8b {2654,17,17,9,4,2,1}
0x1b8f {359,359,17,17,1,1,1,1}
0x1b93 {6128,52,16,16,4,3,1}
0x1b97 {242,242,10,10,3,3,1,1}
0x1b9b {235,235,6,6,2,2,1,1}
0x1b9d {20,20,20,20,2,2,1,1}
0x1b9f {302,302,17,6,1,1,1,1,1}
0x1ba3 {8178,80,29,11,4,2,1}
0x1ba7 {1351,1351,12,12,3,3,1,1}
0x1bab {197,197,7,7,2,2,2,2}
0x1baf {1765,41,29,6,6,2,1,1,1}
0x1bb3 {4081,4081,18,18,2,2,1,1}
0x1bb7 {6128,90,30,2,2,2,1,1,1}
0x1bbb {8178,74,30,2,2,2,1,1,1}
0x1bbd {7892,46,7,2,2,2,1,1,1}
0x1bbf {3924,3924,26,26,1,1,1,1,1,1}
0x1bc3 {2374,80,21,8,1,1,1}
0x1bc7 {1010,1010,20,20,1,1,1,1}
0x1bcb {4081,4081,20,20,3,3,1,1}
0x1bcf {2622,42,29,7,1,1,1,1,1}
0x1bd3 {242,242,16,16,3,3,1,1}
0x1bd7 {2542,2542,9,4,4,2,1,1,1}
0x1bdb {113,113,32,2,2,2,1,1,1}
0x1bdf {2031,2031,19,19,1,1,1,1,1,1}
0x1be3 {191,191,29,29,1,1,1,1}
0x1be7 {8178,227,38,8,1,1,1,1,1}
0x1beb {8178,115,10,10,6,2,1,1,1}
0x1bef {806,806,24,24,1,1,1,1,1,1}
0x1bf3 {7652,205,32,6,1,1,1,1,1}
0x1bf7 {421,421,8,8,1,1,1,1,1,1}
0x1bfb {3924,3924,24,24,1,1,1,1,1,1}
0x1bfd {123,123,8,8,1,1,1,1,1,1}
0x1bff {6128,159,1,1,1,1,1,1,1,1,1}
0x1c03 {20,20,1,1}
0x1c07 {876,876,1,1,1}
0x1c0b {8178,121,12,3,1}
0x1c0f {3797,3797,1,1,1,1}
0x1c13 {8178,111,21,12,1}
0x1c17 {242,242,13,13,1,1}
0x1c1b {1351,1351,12,12,1,1}
0x1c1f {1940,78,1,1,1,1,1}
0x1c23 {7652,96,38,6,1}
0x1c27 {1511,1511,12,12,1,1}
0x1c2b {498,498,22,22,3,3}
0x1c2f {1568,276,19,5,1,1,1}
0x1c33 {421,421,5,5,1,1}
0x1c37 {7988,10,10,10,1,1,1}
0x1c3b {3053,9,9,6,1,1,1}
0x1c3f {3924,3924,1,1,1,1,1,1}
0x1c47 {242,242,8,8,1,1}
0x1c4b {3053,3053,27,27,3,3}
0x1c4f {7988,31,29,17,1,1,1}
0x1c53 {1352,1352,18,18,4,4}
0x1c57 {1940,58,21,10,5,3,1}
0x1c5b {7148,75,8,8,4,2,1}
0x1c5f {3543,3543,28,28,1,1,1,1}
0x1c63 {59,59,4,4,1,1}
0x1c67 {8178,197,15,15,1,1,1}
0x1c6b {2542,2542,34,14,4,2,1}
0x1c6f {1289,1289,9,9,1,1,1,1}
0x1c73 {1772,154,4,4,1,1,1}
0x1c77 {4081,4081,18,18,1,1,1,1}
0x1c7b {4082,4082,21,21,1,1,1,1}
0x1c7f {7988,129,1,1,1,1,1,1,1}
0x1c87 {4081,4081,19,19,1,1}
0x1c8b {498,498,14,14,3,3}
0x1c8f {1892,82,32,8,1,1,1}
0x1c93 {47,47,4,4,3,3}
0x1c97 {7652,56,13,3,3,3,1}
0x1c9b {204,204,25,11,4,3,1}
0x1c9f {4082,4082,20,20,1,1,1,1}
0x1ca7 {8178,102,25,7,7,3,1}
0x1cab {6128,52,38,3,3,3,2}
0x1caf {2027,2027,22,22,3,3,1,1}
0x1cb3 {8178,50,18,3,3,3,1}
0x1cb7 {2654,2654,20,20,3,3,1,1}
0x1cbb {3893,3893,3,3,3,3,1,1}
0x1cbf {638,44,20,11,1,1,1,1,1}
0x1cc7 {3053,177,47,6,1,1,1}
0x1ccb {8178,24,24,3,3,3,1}
0x1ccf {4082,4082,20,20,1,1,1,1}
0x1cd7 {3543,3543,25,25,4,4,1,1}
0x1cdb {92,92,17,17,2,2,1,1}
0x1cdf {7892,69,34,5,1,1,1,1,1}
0x1ce7 {4082,4082,30,30,1,1,1,1}
0x1ceb {1847,1847,11,11,3,3,1,1}
0x1cef {92,92,13,8,1,1,1,1,1}
0x1cf3 {52,52,52,52,1,1,1,1}
0x1cf7 {8178,134,22,8,1,1,1,1,1}
0x1cfb {8178,134,44,7,1,1,1,1,1}
0x1cff {3053,3053,1,1,1,1,1,1,1,1}
0x1d07 {80,80,21,21,1,1}
0x1d0b {119,119,22,22,5,5}
0x1d0f {2654,162,16,8,1,1,1}
0x1d17 {8178,82,24,15,6,6,1}
0x1d1b {6128,78,9,9,4,2,1}
0x1d1f {197,197,9,9,1,1,1,1}
0x1d27 {7988,30,30,3,3,3,1}
0x1d2b {7148,116,26,7,6,3,2}
0x1d2f {3924,3924,14,14,5,5,1,1}
0x1d37 {1003,1003,7,7,3,3,1,1}
0x1d3b {50,50,3,3,3,3,1,1}
0x1d3f {407,87,11,9,1,1,1,1,1}
0x1d47 {1130,29,18,7,7,3,1}
0x1d4f {1007,1007,21,21,3,3,1,1}
0x1d57 {572,572,18,18,2,2,2,2}
0x1d5b {4081,4081,8,8,2,2,2,2}
0x1d5f {8178,38,38,8,2,2,1,1,1}
0x1d67 {1177,1177,24,24,4,4,1,1}
0x1d6b {89,89,10,10,2,2,2,2}
0x1d6f {8178,204,6,6,6,2,1,1,1}
0x1d77 {1289,25,15,11,5,2,1,1,1}
0x1d7b {917,89,7,7,7,2,1,1,1}
0x1d7f {4082,4082,14,14,1,1,1,1,1,1}
0x1d87 {7892,296,20,12,1,1,1}
0x1d8f {498,498,21,21,1,1,1,1}
0x1d97 {749,749,5,5,3,3,1,1}
0x1d9b {72,72,9,9,2,2,1,1}
0x1d9f {8178,190,33,8,1,1,1,1,1}
0x1da7 {3242,3242,7,7,3,3,1,1}
0x1daf {6128,172,16,7,5,2,1,1,1}
0x1db7 {8178,60,42,2,2,2,1,1,1}
0x1dbb {8178,178,34,2,2,2,1,1,1}
0x1dbf {2031,2031,13,13,1,1,1,1,1,1}
0x1dc7 {4079,4079,10,10,1,1,1,1}
0x1dcf {7148,74,19,14,1,1,1,1,1}
0x1dd7 {407,63,19,11,5,2,1,1,1}
0x1ddf {1010,1010,9,9,1,1,1,1,1,1}
0x1de7 {1892,1892,12,6,1,1,1,1,1}
0x1def {4081,4081,12,12,1,1,1,1,1,1}
0x1df7 {4082,4082,14,14,1,1,1,1,1,1}
0x1dfb {155,155,6,6,1,1,1,1,1,1}
0x1dff {8178,28,1,1,1,1,1,1,1,1,1}
0x1e07 {27,27,1,1,1,1}
0x1e0f {8178,110,1,1,1,1,1}
0x1e17 {6128,30,30,12,1,1,1}
0x1e1f {113,113,1,1,1,1,1,1}
0x1e27 {8178,74,28,4,1,1,1}
0x1e2f {113,113,26,26,1,1,1,1}
0x1e37 {498,498,18,18,1,1,1,1}
0x1e3f {7652,98,1,1,1,1,1,1,1}
0x1e4f {4082,4082,19,19,1,1,1,1}
0x1e57 {1289,1289,14,14,3,3,1,1}
0x1e5f {1772,109,15,12,1,1,1,1,1}
0x1e67 {11,11,5,5,1,1,1,1}
0x1e6f {7652,244,10,10,1,1,1,1,1}
0x1e77 {7148,256,23,19,1,1,1,1,1}
0x1e7f {111,111,1,1,1,1,1,1,1,1}
0x1e8f {239,239,17,17,1,1,1,1}
0x1e97 {52,52,52,52,4,4,1,1}
0x1e9f {2374,170,32,8,1,1,1,1,1}
0x1eaf {7892,96,26,9,2,2,1,1,1}
0x1eb7 {7892,122,30,7,5,2,1,1,1}
0x1ebf {1010,1010,20,20,1,1,1,1,1,1}
0x1ecf {3053,105,26,7,1,1,1,1,1}
0x1edf {4081,4081,16,16,1,1,1,1,1,1}
0x1eef {1352,1352,19,19,1,1,1,1,1,1}
0x1ef7 {47,47,4,4,1,1,1,1,1,1}
0x1eff {2542,2542,1,1,1,1,1,1,1,1,1}
0x1f0f {32,32,1,1,1,1,1,1}
0x1f1f {8178,138,1,1,1,1,1,1,1}
0x1f2f {2374,168,25,10,1,1,1,1,1}
0x1f3f {4081,4081,1,1,1,1,1,1,1,1}
0x1f5f {242,242,29,29,1,1,1,1,1,1}
0x1f6f {111,111,20,20,1,1,1,1,1,1}
0x1f7f {6128,127,1,1,1,1,1,1,1,1,1}
0x1f9f {35,35,1,1,1,1,1,1,1,1}
0x1fbf {1568,106,1,1,1,1,1,1,1,1,1}
0x1fff {1,1,1,1,1,1,1,1,1,1,1,1}
